Started GET "/" for ::1 at 2020-06-02 10:55:46 +0900
  [1m[35m (2.6ms)[0m  [1m[34mSELECT sqlite_version(*)[0m
Processing by Rails::WelcomeController#index as HTML
  Rendering /home/harukisugiyama/.rbenv/versions/2.6.5/lib/ruby/gems/2.6.0/gems/railties-6.0.3.1/lib/rails/templates/rails/welcome/index.html.erb
  Rendered /home/harukisugiyama/.rbenv/versions/2.6.5/lib/ruby/gems/2.6.0/gems/railties-6.0.3.1/lib/rails/templates/rails/welcome/index.html.erb (Duration: 15.0ms | Allocations: 479)
Completed 200 OK in 44ms (Views: 29.8ms | ActiveRecord: 0.0ms | Allocations: 2803)


Started GET "/" for ::1 at 2020-06-02 22:58:00 +0900
  [1m[35m (3.6ms)[0m  [1m[34mSELECT sqlite_version(*)[0m
Processing by HomeController#top as HTML
  Rendering home/top.html.erb within layouts/application
  Rendered home/top.html.erb within layouts/application (Duration: 13.0ms | Allocations: 201)
[Webpacker] Compiling...
[Webpacker] Compiled all packs in /home/harukisugiyama/TrackAndField/webApp/public/packs
[Webpacker] Hash: 15d1bb7b54cf6326b9ba
Version: webpack 4.43.0
Time: 1531ms
Built at: 2020-06-02 10:58:04 PM
                                     Asset       Size       Chunks                         Chunk Names
    js/application-9afcbb5693aa87623e69.js    124 KiB  application  [emitted] [immutable]  application
js/application-9afcbb5693aa87623e69.js.map    139 KiB  application  [emitted] [dev]        application
                             manifest.json  364 bytes               [emitted]              
Entrypoint application = js/application-9afcbb5693aa87623e69.js js/application-9afcbb5693aa87623e69.js.map
[./app/javascript/channels sync recursive _channel\.js$] ./app/javascript/channels sync _channel\.js$ 160 bytes {application} [built]
[./app/javascript/channels/index.js] 211 bytes {application} [built]
[./app/javascript/packs/application.js] 749 bytes {application} [built]
[./node_modules/webpack/buildin/module.js] (webpack)/buildin/module.js 552 bytes {application} [built]
    + 3 hidden modules

Completed 200 OK in 3298ms (Views: 3290.7ms | ActiveRecord: 0.0ms | Allocations: 19060)


